<?xml version="1.0" encoding="UTF-8"?>
<testng-results ignored="0" total="1" passed="1" failed="0" skipped="0">
  <reporter-output>
  </reporter-output>
  <suite started-at="2025-02-24T20:29:21 IST" name="Default suite" finished-at="2025-02-24T20:29:25 IST" duration-ms="4180">
    <groups>
    </groups>
    <test started-at="2025-02-24T20:29:21 IST" name="Default test" finished-at="2025-02-24T20:29:25 IST" duration-ms="4180">
      <class name="test_execution.testUserDeleteButton">
        <test-method is-config="true" signature="setUp()[pri:0, instance:test_execution.testUserDeleteButton@3e58a80e]" started-at="2025-02-24T20:29:21 IST" name="setUp" finished-at="2025-02-24T20:29:24 IST" duration-ms="3398" status="PASS">
          <reporter-output>
          </reporter-output>
        </test-method> <!-- setUp -->
        <test-method signature="dashboardTestCases(java.lang.String,java.lang.String,boolean,java.lang.String)[pri:0, instance:test_execution.testUserDeleteButton@3e58a80e]" started-at="2025-02-24T20:29:24 IST" name="dashboardTestCases" data-provider="dashboardData" finished-at="2025-02-24T20:29:25 IST" duration-ms="725" status="PASS">
          <params>
            <param index="0">
              <value>
                <![CDATA[kiran@gmail.com]]>
              </value>
            </param>
            <param index="1">
              <value>
                <![CDATA[123456]]>
              </value>
            </param>
            <param index="2">
              <value>
                <![CDATA[true]]>
              </value>
            </param>
            <param index="3">
              <value>
                <![CDATA[JavaByKiran | Dashboard]]>
              </value>
            </param>
          </params>
          <reporter-output>
          </reporter-output>
        </test-method> <!-- dashboardTestCases -->
      </class> <!-- test_execution.testUserDeleteButton -->
    </test> <!-- Default test -->
  </suite> <!-- Default suite -->
</testng-results>
